# JRE version: OpenJDK Runtime Environment (11.0.13) (build 11.0.13+0-b1751.21-8125866)
# Java VM: OpenJDK 64-Bit Server VM (11.0.13+0-b1751.21-8125866, mixed mode, tiered, compressed oops, g1 gc, windows-amd64)
Heap:
 garbage-first heap   total 157696K, used 24758K [0x0000000081400000, 0x0000000100000000)
  region size 1024K, 6 young (6144K), 6 survivors (6144K)
 Metaspace       used 45915K, capacity 46450K, committed 46720K, reserved 1089536K
  class space    used 5454K, capacity 5668K, committed 5760K, reserved 1048576K
GC Heap History (9 events):
Event: 0.760 GC heap before
{Heap before GC invocations=0 (full 0):
 garbage-first heap   total 131072K, used 17408K [0x0000000081400000, 0x0000000100000000)
  region size 1024K, 14 young (14336K), 0 survivors (0K)
 Metaspace       used 9883K, capacity 10002K, committed 10112K, reserved 1058816K
  class space    used 829K, capacity 885K, committed 896K, reserved 1048576K
}
Event: 0.764 GC heap after
{Heap after GC invocations=1 (full 0):
 garbage-first heap   total 131072K, used 5230K [0x0000000081400000, 0x0000000100000000)
  region size 1024K, 2 young (2048K), 2 survivors (2048K)
 Metaspace       used 9883K, capacity 10002K, committed 10112K, reserved 1058816K
  class space    used 829K, capacity 885K, committed 896K, reserved 1048576K
}
Event: 2.424 GC heap before
{Heap before GC invocations=1 (full 0):
 garbage-first heap   total 131072K, used 51310K [0x0000000081400000, 0x0000000100000000)
  region size 1024K, 48 young (49152K), 2 survivors (2048K)
 Metaspace       used 20956K, capacity 21188K, committed 21248K, reserved 1069056K
  class space    used 2199K, capacity 2301K, committed 2304K, reserved 1048576K
}
Event: 2.445 GC heap after
{Heap after GC invocations=2 (full 0):
 garbage-first heap   total 131072K, used 9768K [0x0000000081400000, 0x0000000100000000)
  region size 1024K, 7 young (7168K), 7 survivors (7168K)
 Metaspace       used 20956K, capacity 21188K, committed 21248K, reserved 1069056K
  class space    used 2199K, capacity 2301K, committed 2304K, reserved 1048576K
}
Event: 4.529 GC heap before
{Heap before GC invocations=3 (full 0):
 garbage-first heap   total 131072K, used 61992K [0x0000000081400000, 0x0000000100000000)
  region size 1024K, 53 young (54272K), 7 survivors (7168K)
 Metaspace       used 31845K, capacity 32251K, committed 32384K, reserved 1077248K
  class space    used 3936K, capacity 4113K, committed 4224K, reserved 1048576K
}
Event: 4.557 GC heap after
{Heap after GC invocations=4 (full 0):
 garbage-first heap   total 131072K, used 20971K [0x0000000081400000, 0x0000000100000000)
  region size 1024K, 6 young (6144K), 6 survivors (6144K)
 Metaspace       used 31845K, capacity 32251K, committed 32384K, reserved 1077248K
  class space    used 3936K, capacity 4113K, committed 4224K, reserved 1048576K
}
Event: 5.227 GC heap before
{Heap before GC invocations=4 (full 0):
 garbage-first heap   total 131072K, used 37355K [0x0000000081400000, 0x0000000100000000)
  region size 1024K, 23 young (23552K), 6 survivors (6144K)
 Metaspace       used 35337K, capacity 35723K, committed 35840K, reserved 1081344K
  class space    used 4334K, capacity 4503K, committed 4608K, reserved 1048576K
}
Event: 5.244 GC heap after
{Heap after GC invocations=5 (full 0):
 garbage-first heap   total 131072K, used 23053K [0x0000000081400000, 0x0000000100000000)
  region size 1024K, 2 young (2048K), 2 survivors (2048K)
 Metaspace       used 35337K, capacity 35723K, committed 35840K, reserved 1081344K
  class space    used 4334K, capacity 4503K, committed 4608K, reserved 1048576K
}
Event: 7.049 GC heap before
{Heap before GC invocations=6 (full 0):
 garbage-first heap   total 131072K, used 73229K [0x0000000081400000, 0x0000000100000000)
  region size 1024K, 51 young (52224K), 2 survivors (2048K)
 Metaspace       used 45915K, capacity 46450K, committed 46720K, reserved 1089536K
  class space    used 5454K, capacity 5668K, committed 5760K, reserved 1048576K
}

